#
# There is insufficient memory for the Java Runtime Environment to continue.
# Native memory allocation (malloc) failed to allocate 1048576 bytes for AllocateHeap
# Possible reasons:
#   The system is out of physical RAM or swap space
#   The process is running with CompressedOops enabled, and the Java Heap may be blocking the growth of the native heap
# Possible solutions:
#   Reduce memory load on the system
#   Increase physical memory or swap space
#   Check if swap backing store is full
#   Decrease Java heap size (-Xmx/-Xms)
#   Decrease number of Java threads
#   Decrease Java thread stack sizes (-Xss)
#   Set larger code cache with -XX:ReservedCodeCacheSize=
#   JVM is running with Zero Based Compressed Oops mode in which the Java heap is
#     placed in the first 32GB address space. The Java Heap base address is the
#     maximum limit for the native heap growth. Please use -XX:HeapBaseMinAddress
#     to set the Java Heap base and to place the Java Heap above 32GB virtual address.
# This output file may be truncated or incomplete.
#
#  Out of Memory Error (memory/allocation.inline.hpp:61), pid=25792, tid=0x0000000000006234
#
# JRE version:  (8.0_251-b08) (build )
# Java VM: Java HotSpot(TM) 64-Bit Server VM (25.251-b08 mixed mode windows-amd64 compressed oops)
# Failed to write core dump. Minidumps are not enabled by default on client versions of Windows
#

---------------  T H R E A D  ---------------

Current thread (0x000000000253e000):  JavaThread "Unknown thread" [_thread_in_vm, id=25140, stack(0x00000000023d0000,0x00000000024d0000)]

Stack: [0x00000000023d0000,0x00000000024d0000]
[error occurred during error reporting (printing stack bounds), id 0xc0000005]

Native frames: (J=compiled Java code, j=interpreted, Vv=VM code, C=native code)


---------------  P R O C E S S  ---------------

Java Threads: ( => current thread )

Other Threads:

=>0x000000000253e000 (exited) JavaThread "Unknown thread" [_thread_in_vm, id=25140, stack(0x00000000023d0000,0x00000000024d0000)]

VM state:not at safepoint (normal execution)

VM Mutex/Monitor currently owned by a thread: None

heap address: 0x00000006c0c00000, size: 4084 MB, Compressed Oops mode: Zero based, Oop shift amount: 3
Narrow klass base: 0x0000000000000000, Narrow klass shift: 3
Compressed class space size: 1073741824 Address: 0x00000007c0000000

Heap:
 PSYoungGen      total 76288K, used 1310K [0x000000076af00000, 0x0000000770400000, 0x00000007c0000000)
  eden space 65536K, 2% used [0x000000076af00000,0x000000076b047af0,0x000000076ef00000)
  from space 10752K, 0% used [0x000000076f980000,0x000000076f980000,0x0000000770400000)
  to   space 10752K, 0% used [0x000000076ef00000,0x000000076ef00000,0x000000076f980000)
 ParOldGen       total 175104K, used 0K [0x00000006c0c00000, 0x00000006cb700000, 0x000000076af00000)
  object space 175104K, 0% used [0x00000006c0c00000,0x00000006c0c00000,0x00000006cb700000)
 Metaspace       used 752K, capacity 4480K, committed 4480K, reserved 1056768K
  class space    used 76K, capacity 384K, committed 384K, reserved 1048576K

Card table byte_map: [0x0000000011a00000,0x0000000012200000] byte_map_base: 0x000000000e3fa000

Marking Bits: (ParMarkBitMap*) 0x00000000538faf90
 Begin Bits: [0x0000000013460000, 0x0000000017430000)
 End Bits:   [0x0000000017430000, 0x000000001b400000)

Polling page: 0x00000000001f0000

CodeCache: size=245760Kb used=327Kb max_used=327Kb free=245432Kb
 bounds [0x0000000002640000, 0x00000000028b0000, 0x0000000011640000]
 total_blobs=57 nmethods=0 adapters=38
 compilation: enabled

Compilation events (0 events):
No events

GC Heap History (0 events):
No events

Deoptimization events (0 events):
No events

Classes redefined (0 events):
No events

Internal exceptions (0 events):
No events

Events (10 events):
Event: 0.018 loading class java/lang/Short
Event: 0.018 loading class java/lang/Short done
Event: 0.018 loading class java/lang/Integer
Event: 0.018 loading class java/lang/Integer done
Event: 0.018 loading class java/lang/Long
Event: 0.018 loading class java/lang/Long done
Event: 0.019 loading class java/lang/NullPointerException
Event: 0.019 loading class java/lang/NullPointerException done
Event: 0.019 loading class java/lang/ArithmeticException
Event: 0.019 loading class java/lang/ArithmeticException done


Dynamic libraries:
0x00007ff74af70000 - 0x00007ff74afa7000 	C:\Program Files\Java\jre1.8.0_251\bin\javaw.exe
0x00007ffb54620000 - 0x00007ffb54810000 	C:\WINDOWS\SYSTEM32\ntdll.dll
0x00007ffb542c0000 - 0x00007ffb54372000 	C:\WINDOWS\System32\KERNEL32.DLL
0x00007ffb52380000 - 0x00007ffb52624000 	C:\WINDOWS\System32\KERNELBASE.dll
0x00007ffb54380000 - 0x00007ffb54423000 	C:\WINDOWS\System32\ADVAPI32.dll
0x00007ffb52b90000 - 0x00007ffb52c2e000 	C:\WINDOWS\System32\msvcrt.dll
0x00007ffb54170000 - 0x00007ffb54207000 	C:\WINDOWS\System32\sechost.dll
0x00007ffb53b70000 - 0x00007ffb53c90000 	C:\WINDOWS\System32\RPCRT4.dll
0x00007ffb53e20000 - 0x00007ffb53fb4000 	C:\WINDOWS\System32\USER32.dll
0x00007ffb51660000 - 0x00007ffb51681000 	C:\WINDOWS\System32\win32u.dll
0x00007ffb54520000 - 0x00007ffb54546000 	C:\WINDOWS\System32\GDI32.dll
0x00007ffb51a60000 - 0x00007ffb51bf5000 	C:\WINDOWS\System32\gdi32full.dll
0x00007ffb51690000 - 0x00007ffb5172e000 	C:\WINDOWS\System32\msvcp_win.dll
0x00007ffb517b0000 - 0x00007ffb518aa000 	C:\WINDOWS\System32\ucrtbase.dll
0x00007ffb45830000 - 0x00007ffb45ab4000 	C:\WINDOWS\WinSxS\amd64_microsoft.windows.common-controls_6595b64144ccf1df_6.0.18362.900_none_e6beb9d913147d17\COMCTL32.dll
0x00007ffb527a0000 - 0x00007ffb52ad5000 	C:\WINDOWS\System32\combase.dll
0x00007ffb51730000 - 0x00007ffb517b0000 	C:\WINDOWS\System32\bcryptPrimitives.dll
0x00007ffb545b0000 - 0x00007ffb545de000 	C:\WINDOWS\System32\IMM32.DLL
0x0000000052ff0000 - 0x00000000530c2000 	C:\Program Files\Java\jre1.8.0_251\bin\msvcr100.dll
0x00000000530d0000 - 0x000000005397b000 	C:\Program Files\Java\jre1.8.0_251\bin\server\jvm.dll
0x00007ffb53e00000 - 0x00007ffb53e08000 	C:\WINDOWS\System32\PSAPI.DLL
0x00007ffb35fe0000 - 0x00007ffb35fe9000 	C:\WINDOWS\SYSTEM32\WSOCK32.dll
0x00007ffb4de60000 - 0x00007ffb4de84000 	C:\WINDOWS\SYSTEM32\WINMM.dll
0x00007ffb4bfd0000 - 0x00007ffb4bfda000 	C:\WINDOWS\SYSTEM32\VERSION.dll
0x00007ffb53390000 - 0x00007ffb533ff000 	C:\WINDOWS\System32\WS2_32.dll
0x00007ffb4de30000 - 0x00007ffb4de5d000 	C:\WINDOWS\SYSTEM32\winmmbase.dll
0x00007ffb52630000 - 0x00007ffb5267a000 	C:\WINDOWS\System32\cfgmgr32.dll
0x00007ffb4dd80000 - 0x00007ffb4dd8f000 	C:\Program Files\Java\jre1.8.0_251\bin\verify.dll
0x00007ffb3b880000 - 0x00007ffb3b8a9000 	C:\Program Files\Java\jre1.8.0_251\bin\java.dll
0x00007ffb495c0000 - 0x00007ffb495d6000 	C:\Program Files\Java\jre1.8.0_251\bin\zip.dll

VM Arguments:
jvm_args: -Dfile.encoding=Cp1252 
java_command: diegameserver.Server -ORBInitialPort 1050 -ORBInitialHost localhost
java_class_path (initial): D:\Programs\Eclipse Mars\Java Workspace\DieGameServer\bin
Launcher Type: SUN_STANDARD

Environment Variables:
PATH=C:/Program Files/Java/jre1.8.0_251/bin/server;C:/Program Files/Java/jre1.8.0_251/bin;C:/Program Files/Java/jre1.8.0_251/lib/amd64;C:\Program Files (x86)\Common Files\Oracle\Java\javapath;C:\Windows\system32;C:\Windows;C:\Windows\System32\Wbem;C:\Windows\System32\WindowsPowerShell\v1.0\;C:\Windows\System32\OpenSSH\;C:\Program Files (x86)\NVIDIA Corporation\PhysX\Common;C:\Program Files\NVIDIA Corporation\NVIDIA NvDLISR;C:\Program Files\dotnet\;C:\Program Files\Microsoft SQL Server\130\Tools\Binn\;C:\Program Files\Microsoft SQL Server\110\Tools\Binn\;C:\Program Files\Microsoft SQL Server\Client SDK\ODBC\130\Tools\Binn\;C:\Program Files (x86)\Microsoft SQL Server\140\Tools\Binn\;C:\Program Files\Microsoft SQL Server\140\Tools\Binn\;C:\Program Files\Microsoft SQL Server\140\DTS\Binn\;C:\Program Files (x86)\Microsoft SQL Server\Client SDK\ODBC\130\Tools\Binn\;C:\Program Files (x86)\Microsoft SQL Server\140\DTS\Binn\;C:\Program Files (x86)\Microsoft SQL Server\140\Tools\Binn\ManagementStudio\;D:\Programs\nodejs\;C:\WINDOWS\system32;C:\WINDOWS;C:\WINDOWS\System32\Wbem;C:\WINDOWS\System32\WindowsPowerShell\v1.0\;C:\WINDOWS\System32\OpenSSH\;D:\Programs\Git\cmd;C:\ProgramData\ComposerSetup\bin;C:\Users\Elie\AppData\Local\Programs\Python\Python38-32\Scripts\;C:\Users\Elie\AppData\Local\Programs\Python\Python38-32\;C:\Users\Elie\AppData\Local\Microsoft\WindowsApps;C:\Users\Elie\AppData\Roaming\npm;D:\Programs\Microsoft VS Code\bin;D:\xampp\php;C:\Users\Elie\AppData\Roaming\Composer\vendor\bin;D:\OLD JAVA\jdk1.5\bin;;D:\Programs\Eclipse Mars\eclipse;
USERNAME=Elie
OS=Windows_NT
PROCESSOR_IDENTIFIER=AMD64 Family 23 Model 8 Stepping 2, AuthenticAMD



---------------  S Y S T E M  ---------------

OS: Windows 10.0 , 64 bit Build 18362 (10.0.18362.900)

CPU:total 16 (initial active 16) (16 cores per cpu, 1 threads per core) family 23 model 8 stepping 2, cmov, cx8, fxsr, mmx, sse, sse2, sse3, ssse3, sse4.1, sse4.2, popcnt, avx, avx2, aes, clmul, mmxext, 3dnowpref, lzcnt, sse4a, tsc, tscinvbit, tscinv, bmi1

Memory: 4k page, physical 16724120k(9185664k free), swap 24009112k(5240k free)

vm_info: Java HotSpot(TM) 64-Bit Server VM (25.251-b08) for windows-amd64 JRE (1.8.0_251-b08), built on Mar 12 2020 06:31:49 by "" with MS VC++ 10.0 (VS2010)

time: Fri Jul 03 04:26:34 2020
timezone: Middle East Daylight Time
elapsed time: 0 seconds (0d 0h 0m 0s)

